<?xml version="1.0" encoding="UTF-8"?>
<testng-results ignored="0" total="2" passed="2" failed="0" skipped="0">
  <reporter-output>
  </reporter-output>
  <suite started-at="2026-01-27T15:58:43 IST" name="Default suite" finished-at="2026-01-27T15:58:47 IST" duration-ms="3276">
    <groups>
      <group name="cucumber">
        <method signature="AbstractTestNGCucumberTests.runScenario(io.cucumber.testng.PickleWrapper,io.cucumber.testng.FeatureWrapper)[pri:0, instance:com.training.api.runner.RunCucumberApiTestNGTest@385e9564]" name="runScenario" class="io.cucumber.testng.AbstractTestNGCucumberTests"/>
      </group> <!-- cucumber -->
    </groups>
    <test started-at="2026-01-27T15:58:43 IST" name="Default test" finished-at="2026-01-27T15:58:47 IST" duration-ms="3276">
      <class name="com.training.api.runner.RunCucumberApiTestNGTest">
        <test-method is-config="true" signature="setUpClass(org.testng.ITestContext)[pri:0, instance:com.training.api.runner.RunCucumberApiTestNGTest@385e9564]" started-at="2026-01-27T15:58:43 IST" name="setUpClass" finished-at="2026-01-27T15:58:44 IST" duration-ms="579" status="PASS">
          <params>
            <param index="0">
              <value>
                <![CDATA[org.testng.TestRunner@2774dcf4]]>
              </value>
            </param>
          </params>
          <reporter-output>
          </reporter-output>
        </test-method> <!-- setUpClass -->
        <test-method signature="runScenario(io.cucumber.testng.PickleWrapper,io.cucumber.testng.FeatureWrapper)[pri:0, instance:com.training.api.runner.RunCucumberApiTestNGTest@385e9564]" started-at="2026-01-27T15:58:44 IST" name="runScenario" description="Runs Cucumber Scenarios" data-provider="scenarios" finished-at="2026-01-27T15:58:46 IST" duration-ms="2185" status="PASS">
          <params>
            <param index="0">
              <value>
                <![CDATA["GET a post and validate response"]]>
              </value>
            </param>
            <param index="1">
              <value>
                <![CDATA["Posts API - Demo (Cucumber + Rest Assured)"]]>
              </value>
            </param>
          </params>
          <reporter-output>
          </reporter-output>
        </test-method> <!-- runScenario -->
        <test-method signature="runScenario(io.cucumber.testng.PickleWrapper,io.cucumber.testng.FeatureWrapper)[pri:0, instance:com.training.api.runner.RunCucumberApiTestNGTest@385e9564]" started-at="2026-01-27T15:58:46 IST" name="runScenario" description="Runs Cucumber Scenarios" data-provider="scenarios" finished-at="2026-01-27T15:58:47 IST" duration-ms="389" status="PASS">
          <params>
            <param index="0">
              <value>
                <![CDATA["POST create a post and validate response"]]>
              </value>
            </param>
            <param index="1">
              <value>
                <![CDATA["Posts API - Demo (Cucumber + Rest Assured)"]]>
              </value>
            </param>
          </params>
          <reporter-output>
          </reporter-output>
        </test-method> <!-- runScenario -->
        <test-method is-config="true" signature="tearDownClass()[pri:0, instance:com.training.api.runner.RunCucumberApiTestNGTest@385e9564]" started-at="2026-01-27T15:58:47 IST" name="tearDownClass" finished-at="2026-01-27T15:58:47 IST" duration-ms="71" status="PASS">
          <reporter-output>
          </reporter-output>
        </test-method> <!-- tearDownClass -->
      </class> <!-- com.training.api.runner.RunCucumberApiTestNGTest -->
    </test> <!-- Default test -->
  </suite> <!-- Default suite -->
</testng-results>
