<?xml version="1.0" encoding="UTF-8"?>
<!-- Generated by org.testng.reporters.JUnitReportReporter -->
<testsuite hostname="WKSBAN36CVRTR21" failures="0" tests="2" name="com.training.api.runner.RunCucumberApiTestNGTest" time="2.574" errors="0" timestamp="2026-01-27T15:58:47 IST" skipped="0">
  <testcase classname="com.training.api.runner.RunCucumberApiTestNGTest" name="runScenario" time="2.185"/>
  <testcase classname="com.training.api.runner.RunCucumberApiTestNGTest" name="runScenario" time="0.389"/>
</testsuite> <!-- com.training.api.runner.RunCucumberApiTestNGTest -->
